<?xml version="1.0" encoding="UTF-8"?>
<testsuite name="com.ahmadsedighi.cloud.BookControllerMvcTests" tests="1" skipped="0" failures="1" errors="0" timestamp="2024-12-04T14:08:23" hostname="192.168.1.100" time="0.141">
  <properties/>
  <testcase name="whenGetBookNotExistingThenShouldReturn404()" classname="com.ahmadsedighi.cloud.BookControllerMvcTests" time="0.141">
    <failure message="java.lang.AssertionError: Status expected:&lt;404&gt; but was:&lt;200&gt;" type="java.lang.AssertionError">java.lang.AssertionError: Status expected:&lt;404&gt; but was:&lt;200&gt;
	at org.springframework.test.util.AssertionErrors.fail(AssertionErrors.java:61)
	at org.springframework.test.util.AssertionErrors.assertEquals(AssertionErrors.java:128)
	at org.springframework.test.web.servlet.result.StatusResultMatchers.lambda$matcher$9(StatusResultMatchers.java:640)
	at org.springframework.test.web.servlet.MockMvc$1.andExpect(MockMvc.java:214)
	at com.ahmadsedighi.cloud.BookControllerMvcTests.whenGetBookNotExistingThenShouldReturn404(BookControllerMvcTests.java:37)
	at java.base/java.lang.reflect.Method.invoke(Method.java:568)
	at java.base/java.util.ArrayList.forEach(ArrayList.java:1511)
	at java.base/java.util.ArrayList.forEach(ArrayList.java:1511)
</failure>
  </testcase>
  <system-out><![CDATA[14:08:21.190 [Test worker] INFO org.springframework.test.context.support.AnnotationConfigContextLoaderUtils -- Could not detect default configuration classes for test class [com.ahmadsedighi.cloud.BookControllerMvcTests]: BookControllerMvcTests does not declare any static, non-private, non-final, nested classes annotated with @Configuration.
14:08:21.351 [Test worker] INFO org.springframework.boot.test.context.SpringBootTestContextBootstrapper -- Found @SpringBootConfiguration com.ahmadsedighi.cloud.CloudNativeApplication for test class com.ahmadsedighi.cloud.BookControllerMvcTests

  .   ____          _            __ _ _
 /\\ / ___'_ __ _ _(_)_ __  __ _ \ \ \ \
( ( )\___ | '_ | '_| | '_ \/ _` | \ \ \ \
 \\/  ___)| |_)| | | | | || (_| |  ) ) ) )
  '  |____| .__|_| |_|_| |_\__, | / / / /
 =========|_|==============|___/=/_/_/_/

 :: Spring Boot ::                (v3.4.0)

2024-12-04T14:08:21.740Z  INFO 8422 --- [cloud-native] [    Test worker] c.a.cloud.BookControllerMvcTests         : Starting BookControllerMvcTests using Java 17 with PID 8422 (started by ahmadseddighi in /Users/ahmadseddighi/Documents/Organized/project/interview-cloud-native)
2024-12-04T14:08:21.742Z  INFO 8422 --- [cloud-native] [    Test worker] c.a.cloud.BookControllerMvcTests         : No active profile set, falling back to 1 default profile: "default"
2024-12-04T14:08:23.402Z  INFO 8422 --- [cloud-native] [    Test worker] o.s.b.t.m.w.SpringBootMockServletContext : Initializing Spring TestDispatcherServlet ''
2024-12-04T14:08:23.402Z  INFO 8422 --- [cloud-native] [    Test worker] o.s.t.web.servlet.TestDispatcherServlet  : Initializing Servlet ''
2024-12-04T14:08:23.405Z  INFO 8422 --- [cloud-native] [    Test worker] o.s.t.web.servlet.TestDispatcherServlet  : Completed initialization in 1 ms
2024-12-04T14:08:23.517Z  INFO 8422 --- [cloud-native] [    Test worker] c.a.cloud.BookControllerMvcTests         : Started BookControllerMvcTests in 2.1 seconds (process running for 3.108)

MockHttpServletRequest:
      HTTP Method = GET
      Request URI = /books/73737313940
       Parameters = {}
          Headers = []
             Body = null
    Session Attrs = {}

Handler:
             Type = com.ahmadsedighi.cloud.controller.BookController
           Method = com.ahmadsedighi.cloud.controller.BookController#getByIsbn(String)

Async:
    Async started = false
     Async result = null

Resolved Exception:
             Type = null

ModelAndView:
        View name = null
             View = null
            Model = null

FlashMap:
       Attributes = null

MockHttpServletResponse:
           Status = 200
    Error message = null
          Headers = []
     Content type = null
             Body = 
    Forwarded URL = null
   Redirected URL = null
          Cookies = []
]]></system-out>
  <system-err><![CDATA[]]></system-err>
</testsuite>
